...connected

[634594376141010 , 634594378331914]
MESSAGE_SEND_TIME 634594376141010
[634594376938574 , 634594378555215]
MESSAGE_SEND_TIME 634594376938574
[634594376982625 , 634594378719614]
MESSAGE_SEND_TIME 634594376982625
[634594377020896 , 634594378862638]
MESSAGE_SEND_TIME 634594377020896
[634594377057841 , 634594379006946]
MESSAGE_SEND_TIME 634594377057841
[634594377090110 , 634594379156064]
MESSAGE_SEND_TIME 634594377090110
[634594377114820 , 634594379300400]
MESSAGE_SEND_TIME 634594377114820
[634594377136459 , 634594379459277]
MESSAGE_SEND_TIME 634594377136459
[634594377161148 , 634594379603080]
MESSAGE_SEND_TIME 634594377161148
[634594377189605 , 634594379768010]
MESSAGE_SEND_TIME 634594377189605
[634594377212392 , 634594379909581]
MESSAGE_SEND_TIME 634594377212392
[634594377233363 , 634594380042620]
MESSAGE_SEND_TIME 634594377233363
[634594377282570 , 634594380172412]
MESSAGE_SEND_TIME 634594377282570
[634594377309414 , 634594380357657]
MESSAGE_SEND_TIME 634594377309414
[634594377330286 , 634594380498150]
MESSAGE_SEND_TIME 634594377330286
[634594377371671 , 634594380639542]
MESSAGE_SEND_TIME 634594377371671
[634594377401302 , 634594380775828]
MESSAGE_SEND_TIME 634594377401302
[634594377422291 , 634594380907149]
MESSAGE_SEND_TIME 634594377422291
[634594377441895 , 634594381077354]
MESSAGE_SEND_TIME 634594377441895
[634594377462474 , 634594381333704]
MESSAGE_SEND_TIME 634594377462474
[634594377487297 , 634594381487535]
MESSAGE_SEND_TIME 634594377487297
[634594377509695 , 634594381632561]
MESSAGE_SEND_TIME 634594377509695
[634594377529224 , 634594381773629]
MESSAGE_SEND_TIME 634594377529224
[634594377565604 , 634594381930935]
MESSAGE_SEND_TIME 634594377565604
[634594377595502 , 634594382182453]
MESSAGE_SEND_TIME 634594377595502
[634594377620869 , 634594382328098]
MESSAGE_SEND_TIME 634594377620869
[634594377651420 , 634594382745465]
MESSAGE_SEND_TIME 634594377651420
[634594377674399 , 634594382904509]
MESSAGE_SEND_TIME 634594377674399
[634594377725652 , 634594383043966]
MESSAGE_SEND_TIME 634594377725652
[634594377758665 , 634594383173401]
MESSAGE_SEND_TIME 634594377758665
[634594377805402 , 634594383297688]
MESSAGE_SEND_TIME 634594377805402
[634594377845135 , 634594383466165]
MESSAGE_SEND_TIME 634594377845135
[634594377870706 , 634594383664499]
MESSAGE_SEND_TIME 634594377870706
[634594377892774 , 634594383805896]
MESSAGE_SEND_TIME 634594377892774
[634594377923317 , 634594383931620]
MESSAGE_SEND_TIME 634594377923317
[634594377946109 , 634594384070413]
MESSAGE_SEND_TIME 634594377946109
[634594377965657 , 634594384308015]
MESSAGE_SEND_TIME 634594377965657
[634594377994313 , 634594384500557]
MESSAGE_SEND_TIME 634594377994313
[634594378022192 , 634594384644913]
MESSAGE_SEND_TIME 634594378022192
[634594378058598 , 634594384787427]
MESSAGE_SEND_TIME 634594378058598
[634594378082576 , 634594384999137]
MESSAGE_SEND_TIME 634594378082576
[634594378103500 , 634594385253002]
MESSAGE_SEND_TIME 634594378103500
[634594378141653 , 634594385445122]
MESSAGE_SEND_TIME 634594378141653
[634594378173016 , 634594385607004]
MESSAGE_SEND_TIME 634594378173016
[634594378194967 , 634594385763306]
MESSAGE_SEND_TIME 634594378194967
[634594378224875 , 634594386051982]
MESSAGE_SEND_TIME 634594378224875
[634594378246823 , 634594386322634]
MESSAGE_SEND_TIME 634594378246823
[634594378272863 , 634594386469191]
MESSAGE_SEND_TIME 634594378272863
[634594378319492 , 634594386654115]
MESSAGE_SEND_TIME 634594378319492
[634594378354934 , 634594386849895]
MESSAGE_SEND_TIME 634594378354934
[634594378379379 , 634594386994082]
MESSAGE_SEND_TIME 634594378379379
[634594378400118 , 634594387626702]
MESSAGE_SEND_TIME 634594378400118
[634594378428330 , 634594387779218]
MESSAGE_SEND_TIME 634594378428330
[634594378449990 , 634594387900758]
MESSAGE_SEND_TIME 634594378449990
[634594378475853 , 634594388028622]
MESSAGE_SEND_TIME 634594378475853
[634594378511604 , 634594388160723]
MESSAGE_SEND_TIME 634594378511604
[634594378534570 , 634594388575910]
MESSAGE_SEND_TIME 634594378534570
[634594378564219 , 634594388917927]
MESSAGE_SEND_TIME 634594378564219
[634594378587200 , 634594389063035]
MESSAGE_SEND_TIME 634594378587200
[634594378607805 , 634594389191352]
MESSAGE_SEND_TIME 634594378607805
[634594378649015 , 634594389298781]
MESSAGE_SEND_TIME 634594378649015
[634594378686196 , 634594389410675]
MESSAGE_SEND_TIME 634594378686196
[634594378723658 , 634594389540117]
MESSAGE_SEND_TIME 634594378723658
[634594378757592 , 634594389669295]
MESSAGE_SEND_TIME 634594378757592
[634594378781831 , 634594389815289]
MESSAGE_SEND_TIME 634594378781831
[634594378803879 , 634594389935250]
MESSAGE_SEND_TIME 634594378803879
[634594378824847 , 634594390064830]
MESSAGE_SEND_TIME 634594378824847
[634594378863169 , 634594390195656]
MESSAGE_SEND_TIME 634594378863169
[634594378892539 , 634594390314744]
MESSAGE_SEND_TIME 634594378892539
[634594378929153 , 634594390429492]
MESSAGE_SEND_TIME 634594378929153
[634594378960303 , 634594390536608]
MESSAGE_SEND_TIME 634594378960303
[634594378991370 , 634594390644855]
MESSAGE_SEND_TIME 634594378991370
[634594379021393 , 634594390759164]
MESSAGE_SEND_TIME 634594379021393
[634594379064954 , 634594390883827]
MESSAGE_SEND_TIME 634594379064954
[634594379095925 , 634594390991687]
MESSAGE_SEND_TIME 634594379095925
[634594379117345 , 634594391101074]
MESSAGE_SEND_TIME 634594379117345
[634594379141012 , 634594391281531]
MESSAGE_SEND_TIME 634594379141012
[634594379162191 , 634594391433090]
MESSAGE_SEND_TIME 634594379162191
[634594379182565 , 634594391549414]
MESSAGE_SEND_TIME 634594379182565
[634594379203563 , 634594391647573]
MESSAGE_SEND_TIME 634594379203563
[634594379253140 , 634594391794962]
MESSAGE_SEND_TIME 634594379253140
[634594379277753 , 634594391910182]
MESSAGE_SEND_TIME 634594379277753
[634594379297790 , 634594392027814]
MESSAGE_SEND_TIME 634594379297790
[634594379319531 , 634594392143508]
MESSAGE_SEND_TIME 634594379319531
[634594379355265 , 634594392249405]
MESSAGE_SEND_TIME 634594379355265
[634594379406752 , 634594392390057]
MESSAGE_SEND_TIME 634594379406752
[634594379441370 , 634594392498743]
MESSAGE_SEND_TIME 634594379441370
[634594379465175 , 634594392603805]
MESSAGE_SEND_TIME 634594379465175
[634594379495551 , 634594392731801]
MESSAGE_SEND_TIME 634594379495551
[634594379529445 , 634594392853930]
MESSAGE_SEND_TIME 634594379529445
[634594379553022 , 634594392967143]
MESSAGE_SEND_TIME 634594379553022
[634594379573899 , 634594393127872]
MESSAGE_SEND_TIME 634594379573899
[634594379594498 , 634594393238543]
MESSAGE_SEND_TIME 634594379594498
[634594379616751 , 634594393345987]
MESSAGE_SEND_TIME 634594379616751
[634594379648011 , 634594393462241]
MESSAGE_SEND_TIME 634594379648011
[634594379668398 , 634594393574667]
MESSAGE_SEND_TIME 634594379668398
[634594379704930 , 634594393693481]
MESSAGE_SEND_TIME 634594379704930
[634594379726392 , 634594393810329]
MESSAGE_SEND_TIME 634594379726392
[634594379746004 , 634594393956140]
MESSAGE_SEND_TIME 634594379746004
[634594379771302 , 634594394067993]
MESSAGE_SEND_TIME 634594379771302
[634594379791609 , 634594394178258]
MESSAGE_SEND_TIME 634594379791609
[634594379811481 , 634594394300053]
MESSAGE_SEND_TIME 634594379811481
[634594379844337 , 634594394406407]
MESSAGE_SEND_TIME 634594379844337
[634594379881498 , 634594394529108]
MESSAGE_SEND_TIME 634594379881498
[634594379909230 , 634594394659296]
MESSAGE_SEND_TIME 634594379909230
[634594379930674 , 634594394760942]
MESSAGE_SEND_TIME 634594379930674
[634594379961602 , 634594394904567]
MESSAGE_SEND_TIME 634594379961602
[634594380003995 , 634594395039688]
MESSAGE_SEND_TIME 634594380003995
[634594380040305 , 634594395160253]
MESSAGE_SEND_TIME 634594380040305
[634594380068372 , 634594395378115]
MESSAGE_SEND_TIME 634594380068372
[634594380092586 , 634594395491731]
MESSAGE_SEND_TIME 634594380092586
[634594380122567 , 634594395601183]
MESSAGE_SEND_TIME 634594380122567
[634594380152796 , 634594395709313]
MESSAGE_SEND_TIME 634594380152796
[634594380184078 , 634594395812641]
MESSAGE_SEND_TIME 634594380184078
[634594380221652 , 634594395913817]
MESSAGE_SEND_TIME 634594380221652
[634594380243983 , 634594396011764]
MESSAGE_SEND_TIME 634594380243983
[634594380273693 , 634594396113237]
MESSAGE_SEND_TIME 634594380273693
[634594380296305 , 634594396226801]
MESSAGE_SEND_TIME 634594380296305
[634594380316642 , 634594396323439]
MESSAGE_SEND_TIME 634594380316642
[634594380335816 , 634594396419392]
MESSAGE_SEND_TIME 634594380335816
[634594380370827 , 634594396666433]
MESSAGE_SEND_TIME 634594380370827
[634594380393539 , 634594396785329]
MESSAGE_SEND_TIME 634594380393539
[634594380420454 , 634594396898098]
MESSAGE_SEND_TIME 634594380420454
[634594380441685 , 634594396995523]
MESSAGE_SEND_TIME 634594380441685
[634594380470628 , 634594397087114]
MESSAGE_SEND_TIME 634594380470628
[634594380498734 , 634594397181123]
MESSAGE_SEND_TIME 634594380498734
[634594380534484 , 634594397741605]
MESSAGE_SEND_TIME 634594380534484
[634594380567392 , 634594397865532]
MESSAGE_SEND_TIME 634594380567392
[634594380634996 , 634594398017131]
MESSAGE_SEND_TIME 634594380634996
[634594380673557 , 634594398758234]
MESSAGE_SEND_TIME 634594380673557
[634594380705944 , 634594398879372]
MESSAGE_SEND_TIME 634594380705944
[634594380728869 , 634594398985874]
MESSAGE_SEND_TIME 634594380728869
[634594380749411 , 634594399082381]
MESSAGE_SEND_TIME 634594380749411
[634594380769193 , 634594399173962]
MESSAGE_SEND_TIME 634594380769193
[634594380787552 , 634594399290643]
MESSAGE_SEND_TIME 634594380787552
[634594380807065 , 634594399382657]
MESSAGE_SEND_TIME 634594380807065
[634594380826682 , 634594399485616]
MESSAGE_SEND_TIME 634594380826682
[634594380846847 , 634594399597252]
MESSAGE_SEND_TIME 634594380846847
[634594380878976 , 634594399681761]
MESSAGE_SEND_TIME 634594380878976
[634594380908127 , 634594399767436]
MESSAGE_SEND_TIME 634594380908127
[634594380935848 , 634594399850805]
MESSAGE_SEND_TIME 634594380935848
[634594380963541 , 634594399941079]
MESSAGE_SEND_TIME 634594380963541
[634594380987814 , 634594400052034]
MESSAGE_SEND_TIME 634594380987814
[634594381010330 , 634594400152939]
MESSAGE_SEND_TIME 634594381010330
[634594381063789 , 634594400253285]
MESSAGE_SEND_TIME 634594381063789
[634594381096754 , 634594400342832]
MESSAGE_SEND_TIME 634594381096754
[634594381120620 , 634594400431890]
MESSAGE_SEND_TIME 634594381120620
[634594381151254 , 634594400537700]
MESSAGE_SEND_TIME 634594381151254
[634594381175479 , 634594400643189]
MESSAGE_SEND_TIME 634594381175479
[634594381196143 , 634594400746627]
MESSAGE_SEND_TIME 634594381196143
[634594381218114 , 634594400900773]
MESSAGE_SEND_TIME 634594381218114
[634594381252377 , 634594400994477]
MESSAGE_SEND_TIME 634594381252377
[634594381274665 , 634594401100119]
MESSAGE_SEND_TIME 634594381274665
[634594381322424 , 634594401194925]
MESSAGE_SEND_TIME 634594381322424
[634594381361596 , 634594401308387]
MESSAGE_SEND_TIME 634594381361596
[634594381394746 , 634594401434756]
MESSAGE_SEND_TIME 634594381394746
[634594381428533 , 634594401537986]
MESSAGE_SEND_TIME 634594381428533
[634594381463774 , 634594401653715]
MESSAGE_SEND_TIME 634594381463774
[634594381487778 , 634594401760211]
MESSAGE_SEND_TIME 634594381487778
[634594381530157 , 634594401871606]
MESSAGE_SEND_TIME 634594381530157
[634594381559020 , 634594402166578]
MESSAGE_SEND_TIME 634594381559020
[634594381587578 , 634594402322645]
MESSAGE_SEND_TIME 634594381587578
[634594381610715 , 634594402444478]
MESSAGE_SEND_TIME 634594381610715
[634594381641447 , 634594402556577]
MESSAGE_SEND_TIME 634594381641447
[634594381666303 , 634594402669346]
MESSAGE_SEND_TIME 634594381666303
[634594381686771 , 634594402805443]
MESSAGE_SEND_TIME 634594381686771
[634594381707084 , 634594402903279]
MESSAGE_SEND_TIME 634594381707084
[634594381735410 , 634594403000810]
MESSAGE_SEND_TIME 634594381735410
[634594381760355 , 634594403095454]
MESSAGE_SEND_TIME 634594381760355
[634594381782151 , 634594403218345]
MESSAGE_SEND_TIME 634594381782151
[634594381805602 , 634594403321893]
MESSAGE_SEND_TIME 634594381805602
[634594381845368 , 634594403416462]
MESSAGE_SEND_TIME 634594381845368
[634594381868910 , 634594403510478]
MESSAGE_SEND_TIME 634594381868910
[634594381891002 , 634594403608639]
MESSAGE_SEND_TIME 634594381891002
[634594381930064 , 634594403730196]
MESSAGE_SEND_TIME 634594381930064
[634594381964621 , 634594403848798]
MESSAGE_SEND_TIME 634594381964621
[634594381995581 , 634594403955960]
MESSAGE_SEND_TIME 634594381995581
[634594382019217 , 634594404041004]
MESSAGE_SEND_TIME 634594382019217
[634594382041360 , 634594404093779]
MESSAGE_SEND_TIME 634594382041360
[634594382076998 , 634594404153859]
MESSAGE_SEND_TIME 634594382076998
[634594382107200 , 634594404216029]
MESSAGE_SEND_TIME 634594382107200
[634594382131343 , 634594404294038]
MESSAGE_SEND_TIME 634594382131343
[634594382163229 , 634594404388586]
MESSAGE_SEND_TIME 634594382163229
[634594382186680 , 634594404472525]
MESSAGE_SEND_TIME 634594382186680
[634594382212670 , 634594404536035]
MESSAGE_SEND_TIME 634594382212670
[634594382247753 , 634594404612213]
MESSAGE_SEND_TIME 634594382247753
[634594382276452 , 634594404673488]
MESSAGE_SEND_TIME 634594382276452
[634594382299366 , 634594404723819]
MESSAGE_SEND_TIME 634594382299366
[634594382329646 , 634594404805283]
MESSAGE_SEND_TIME 634594382329646
[634594382357267 , 634594404868974]
MESSAGE_SEND_TIME 634594382357267
[634594382380032 , 634594404930141]
MESSAGE_SEND_TIME 634594382380032
[634594382406109 , 634594405083976]
MESSAGE_SEND_TIME 634594382406109
[634594382428288 , 634594405213145]
MESSAGE_SEND_TIME 634594382428288
[634594382448967 , 634594405298251]
MESSAGE_SEND_TIME 634594382448967
[634594382482867 , 634594405385051]
MESSAGE_SEND_TIME 634594382482867
[634594382516783 , 634594405476390]
MESSAGE_SEND_TIME 634594382516783
[634594382538096 , 634594405592728]
MESSAGE_SEND_TIME 634594382538096
[634594382556885 , 634594405697141]
MESSAGE_SEND_TIME 634594382556885
[634594382575540 , 634594405813021]
MESSAGE_SEND_TIME 634594382575540
[634594382596463 , 634594405944920]
MESSAGE_SEND_TIME 634594382596463
[634594382617130 , 634594406070048]
MESSAGE_SEND_TIME 634594382617130
[634594382635733 , 634594406469763]
MESSAGE_SEND_TIME 634594382635733
[634594382653950 , 634594406551520]
MESSAGE_SEND_TIME 634594382653950
[634594382708726 , 634594406614227]
MESSAGE_SEND_TIME 634594382708726
[634594382765120 , 634594406712956]
MESSAGE_SEND_TIME 634594382765120
[634594382793793 , 634594406769564]
MESSAGE_SEND_TIME 634594382793793
[634594382816474 , 634594406834249]
MESSAGE_SEND_TIME 634594382816474
[634594382839708 , 634594406895144]
MESSAGE_SEND_TIME 634594382839708
[634594382859789 , 634594406945050]
MESSAGE_SEND_TIME 634594382859789
[634594382920376 , 634594407015695]
MESSAGE_SEND_TIME 634594382920376
[634594382939421 , 634594407099903]
MESSAGE_SEND_TIME 634594382939421
[634594382956498 , 634594407159285]
MESSAGE_SEND_TIME 634594382956498
[634594382972409 , 634594407239455]
MESSAGE_SEND_TIME 634594382972409
[634594382987760 , 634594407331462]
MESSAGE_SEND_TIME 634594382987760
[634594383006569 , 634594407411960]
MESSAGE_SEND_TIME 634594383006569
[634594383022014 , 634594407494778]
MESSAGE_SEND_TIME 634594383022014
[634594383036837 , 634594407539353]
MESSAGE_SEND_TIME 634594383036837
[634594383052485 , 634594407624491]
MESSAGE_SEND_TIME 634594383052485
[634594383068412 , 634594407685481]
MESSAGE_SEND_TIME 634594383068412
[634594383087236 , 634594407746221]
MESSAGE_SEND_TIME 634594383087236
[634594383113745 , 634594407822431]
MESSAGE_SEND_TIME 634594383113745
[634594383131558 , 634594407886016]
MESSAGE_SEND_TIME 634594383131558
[634594383147481 , 634594407931309]
MESSAGE_SEND_TIME 634594383147481
[634594383163798 , 634594407971344]
MESSAGE_SEND_TIME 634594383163798
[634594383178706 , 634594408024487]
MESSAGE_SEND_TIME 634594383178706
[634594383195445 , 634594408107026]
MESSAGE_SEND_TIME 634594383195445
[634594383209837 , 634594408156678]
MESSAGE_SEND_TIME 634594383209837
[634594383226164 , 634594408219495]
MESSAGE_SEND_TIME 634594383226164
[634594383240449 , 634594408276300]
MESSAGE_SEND_TIME 634594383240449
[634594383255439 , 634594408339098]
MESSAGE_SEND_TIME 634594383255439
[634594383270164 , 634594408392192]
MESSAGE_SEND_TIME 634594383270164
[634594383283837 , 634594408437328]
MESSAGE_SEND_TIME 634594383283837
[634594383298222 , 634594408480421]
MESSAGE_SEND_TIME 634594383298222
[634594383335910 , 634594408532088]
MESSAGE_SEND_TIME 634594383335910
[634594383356182 , 634594408603080]
MESSAGE_SEND_TIME 634594383356182
[634594383374904 , 634594408646493]
MESSAGE_SEND_TIME 634594383374904
[634594383391052 , 634594408703717]
MESSAGE_SEND_TIME 634594383391052
[634594383408287 , 634594408770571]
MESSAGE_SEND_TIME 634594383408287
[634594383425586 , 634594408843394]
MESSAGE_SEND_TIME 634594383425586
[634594383441574 , 634594408915726]
MESSAGE_SEND_TIME 634594383441574
[634594383460839 , 634594408990182]
MESSAGE_SEND_TIME 634594383460839
[634594383479901 , 634594409053791]
MESSAGE_SEND_TIME 634594383479901
[634594383498285 , 634594409143880]
MESSAGE_SEND_TIME 634594383498285
[634594383515373 , 634594409243681]
MESSAGE_SEND_TIME 634594383515373
[634594383535316 , 634594409337237]
MESSAGE_SEND_TIME 634594383535316
[634594383551963 , 634594409382011]
MESSAGE_SEND_TIME 634594383551963
[634594383568272 , 634594409445346]
MESSAGE_SEND_TIME 634594383568272
[634594383589282 , 634594409519467]
MESSAGE_SEND_TIME 634594383589282
[634594383609391 , 634594409575134]
MESSAGE_SEND_TIME 634594383609391
[634594383626376 , 634594409643751]
MESSAGE_SEND_TIME 634594383626376
[634594383650823 , 634594409712266]
MESSAGE_SEND_TIME 634594383650823
[634594383667590 , 634594409784808]
MESSAGE_SEND_TIME 634594383667590
[634594383684023 , 634594409826386]
MESSAGE_SEND_TIME 634594383684023
[634594383718069 , 634594409868342]
MESSAGE_SEND_TIME 634594383718069
[634594383738704 , 634594409907092]
MESSAGE_SEND_TIME 634594383738704
[634594383757509 , 634594410002101]
MESSAGE_SEND_TIME 634594383757509
[634594383795821 , 634594410077855]
MESSAGE_SEND_TIME 634594383795821
[634594383815674 , 634594410120466]
MESSAGE_SEND_TIME 634594383815674
[634594383832878 , 634594410159117]
MESSAGE_SEND_TIME 634594383832878
[634594383860065 , 634594410198237]
MESSAGE_SEND_TIME 634594383860065
[634594383891103 , 634594410235147]
MESSAGE_SEND_TIME 634594383891103
[634594383910922 , 634594410306476]
MESSAGE_SEND_TIME 634594383910922
[634594383927411 , 634594410383175]
MESSAGE_SEND_TIME 634594383927411
[634594383944511 , 634594410423949]
MESSAGE_SEND_TIME 634594383944511
[634594383966110 , 634594410481189]
MESSAGE_SEND_TIME 634594383966110
[634594384004108 , 634594410554536]
MESSAGE_SEND_TIME 634594384004108
[634594384049126 , 634594410605737]
MESSAGE_SEND_TIME 634594384049126
[634594384069183 , 634594410644325]
MESSAGE_SEND_TIME 634594384069183
[634594384086181 , 634594410683737]
MESSAGE_SEND_TIME 634594384086181
[634594384103022 , 634594410720742]
MESSAGE_SEND_TIME 634594384103022
[634594384122682 , 634594410757424]
MESSAGE_SEND_TIME 634594384122682
[634594384139526 , 634594410807062]
MESSAGE_SEND_TIME 634594384139526
[634594384154718 , 634594410949377]
MESSAGE_SEND_TIME 634594384154718
[634594384169953 , 634594410997514]
MESSAGE_SEND_TIME 634594384169953
[634594384185370 , 634594411061475]
MESSAGE_SEND_TIME 634594384185370
[634594384200532 , 634594411105730]
MESSAGE_SEND_TIME 634594384200532
[634594384216578 , 634594411202407]
MESSAGE_SEND_TIME 634594384216578
[634594384231918 , 634594411256707]
MESSAGE_SEND_TIME 634594384231918
[634594384246564 , 634594411301012]
MESSAGE_SEND_TIME 634594384246564
[634594384260913 , 634594411369061]
MESSAGE_SEND_TIME 634594384260913
[634594384279854 , 634594411448802]
MESSAGE_SEND_TIME 634594384279854
[634594384304696 , 634594411507490]
MESSAGE_SEND_TIME 634594384304696
[634594384322185 , 634594411544267]
MESSAGE_SEND_TIME 634594384322185
[634594384342019 , 634594411579859]
MESSAGE_SEND_TIME 634594384342019
[634594384360636 , 634594411639362]
MESSAGE_SEND_TIME 634594384360636
[634594384375490 , 634594411705975]
MESSAGE_SEND_TIME 634594384375490
[634594384390622 , 634594411742304]
MESSAGE_SEND_TIME 634594384390622
[634594384404732 , 634594411778401]
MESSAGE_SEND_TIME 634594384404732
[634594384418621 , 634594411840996]
MESSAGE_SEND_TIME 634594384418621
[634594384433370 , 634594411894019]
MESSAGE_SEND_TIME 634594384433370
[634594384447426 , 634594411931961]
MESSAGE_SEND_TIME 634594384447426
[634594384461368 , 634594411965939]
MESSAGE_SEND_TIME 634594384461368
[634594384486807 , 634594412001697]
MESSAGE_SEND_TIME 634594384486807
[634594384502745 , 634594412049981]
MESSAGE_SEND_TIME 634594384502745
[634594384517578 , 634594412092827]
MESSAGE_SEND_TIME 634594384517578
[634594384545117 , 634594412128894]
MESSAGE_SEND_TIME 634594384545117
[634594384561109 , 634594412177538]
MESSAGE_SEND_TIME 634594384561109
[634594384578979 , 634594412213739]
MESSAGE_SEND_TIME 634594384578979
[634594384602719 , 634594412251405]
MESSAGE_SEND_TIME 634594384602719
[634594384629701 , 634594412285685]
MESSAGE_SEND_TIME 634594384629701
[634594384645381 , 634594412319818]
MESSAGE_SEND_TIME 634594384645381
[634594384660026 , 634594412353997]
MESSAGE_SEND_TIME 634594384660026
[634594384679714 , 634594412390792]
MESSAGE_SEND_TIME 634594384679714
[634594384695379 , 634594412425650]
MESSAGE_SEND_TIME 634594384695379
[634594384720638 , 634594412459857]
MESSAGE_SEND_TIME 634594384720638
[634594384743408 , 634594412495340]
MESSAGE_SEND_TIME 634594384743408
[634594384764356 , 634594412532268]
MESSAGE_SEND_TIME 634594384764356
[634594384790458 , 634594412566888]
MESSAGE_SEND_TIME 634594384790458
[634594384806975 , 634594412601011]
MESSAGE_SEND_TIME 634594384806975
[634594384821602 , 634594412635141]
MESSAGE_SEND_TIME 634594384821602
[634594384850688 , 634594412669158]
MESSAGE_SEND_TIME 634594384850688
[634594384866790 , 634594412705488]
MESSAGE_SEND_TIME 634594384866790
[634594384880967 , 634594412763302]
MESSAGE_SEND_TIME 634594384880967
[634594384895798 , 634594412797106]
MESSAGE_SEND_TIME 634594384895798
[634594384910870 , 634594412830515]
MESSAGE_SEND_TIME 634594384910870
[634594384926304 , 634594412866615]
MESSAGE_SEND_TIME 634594384926304
[634594384950243 , 634594412900773]
MESSAGE_SEND_TIME 634594384950243
[634594384967078 , 634594412934013]
MESSAGE_SEND_TIME 634594384967078
[634594384982479 , 634594412967213]
MESSAGE_SEND_TIME 634594384982479
[634594384997538 , 634594413000084]
MESSAGE_SEND_TIME 634594384997538
[634594385011866 , 634594413035910]
MESSAGE_SEND_TIME 634594385011866
[634594385035836 , 634594413069203]
MESSAGE_SEND_TIME 634594385035836
[634594385054282 , 634594413102119]
MESSAGE_SEND_TIME 634594385054282
[634594385070293 , 634594413162774]
MESSAGE_SEND_TIME 634594385070293
[634594385097101 , 634594413224967]
MESSAGE_SEND_TIME 634594385097101
[634594385120751 , 634594413261208]
MESSAGE_SEND_TIME 634594385120751
[634594385135832 , 634594413293911]
MESSAGE_SEND_TIME 634594385135832
[634594385536960 , 634594413326171]
MESSAGE_SEND_TIME 634594385536960
[634594385577047 , 634594413358243]
MESSAGE_SEND_TIME 634594385577047
[634594385643937 , 634594413393554]
MESSAGE_SEND_TIME 634594385643937
[634594385682881 , 634594413425850]
MESSAGE_SEND_TIME 634594385682881
[634594385702984 , 634594413496325]
MESSAGE_SEND_TIME 634594385702984
[634594385722751 , 634594413547589]
MESSAGE_SEND_TIME 634594385722751
[634594385739838 , 634594413600536]
MESSAGE_SEND_TIME 634594385739838
[634594385872198 , 634594413635583]
MESSAGE_SEND_TIME 634594385872198
[634594385933665 , 634594413668401]
MESSAGE_SEND_TIME 634594385933665
[634594385956339 , 634594413701373]
MESSAGE_SEND_TIME 634594385956339
[634594385974974 , 634594413735454]
MESSAGE_SEND_TIME 634594385974974
[634594386027968 , 634594413771213]
MESSAGE_SEND_TIME 634594386027968
[634594386057754 , 634594413803488]
MESSAGE_SEND_TIME 634594386057754
[634594386101983 , 634594413837250]
MESSAGE_SEND_TIME 634594386101983
[634594386122571 , 634594413889808]
MESSAGE_SEND_TIME 634594386122571
[634594386149489 , 634594413932296]
MESSAGE_SEND_TIME 634594386149489
[634594386754986 , 634594413965914]
MESSAGE_SEND_TIME 634594386754986
[634594386800271 , 634594414029210]
MESSAGE_SEND_TIME 634594386800271
[634594386879361 , 634594414076714]
MESSAGE_SEND_TIME 634594386879361
[634594386910768 , 634594414113006]
MESSAGE_SEND_TIME 634594386910768
[634594386973198 , 634594414150149]
MESSAGE_SEND_TIME 634594386973198
[634594386996427 , 634594414182467]
MESSAGE_SEND_TIME 634594386996427
[634594387014676 , 634594414214799]
MESSAGE_SEND_TIME 634594387014676
[634594387033507 , 634594414246634]
MESSAGE_SEND_TIME 634594387033507
[634594387050233 , 634594414292512]
MESSAGE_SEND_TIME 634594387050233
[634594387066211 , 634594414325560]
MESSAGE_SEND_TIME 634594387066211
[634594387081872 , 634594414359543]
MESSAGE_SEND_TIME 634594387081872
[634594387147917 , 634594414391387]
MESSAGE_SEND_TIME 634594387147917
[634594387188806 , 634594414424888]
MESSAGE_SEND_TIME 634594387188806
[634594387213623 , 634594414466529]
MESSAGE_SEND_TIME 634594387213623
[634594387230347 , 634594414508472]
MESSAGE_SEND_TIME 634594387230347
[634594387247266 , 634594414539745]
MESSAGE_SEND_TIME 634594387247266
[634594387262850 , 634594414571292]
MESSAGE_SEND_TIME 634594387262850
[634594387280540 , 634594414612743]
MESSAGE_SEND_TIME 634594387280540
[634594387295875 , 634594414646556]
MESSAGE_SEND_TIME 634594387295875
[634594387313042 , 634594414677652]
MESSAGE_SEND_TIME 634594387313042
[634594387332750 , 634594414708951]
MESSAGE_SEND_TIME 634594387332750
[634594387349661 , 634594414742553]
MESSAGE_SEND_TIME 634594387349661
[634594387365205 , 634594414774480]
MESSAGE_SEND_TIME 634594387365205
[634594387382119 , 634594414810766]
MESSAGE_SEND_TIME 634594387382119
[634594387400176 , 634594414843842]
MESSAGE_SEND_TIME 634594387400176
[634594387418980 , 634594414875468]
MESSAGE_SEND_TIME 634594387418980
[634594387447784 , 634594414915338]
MESSAGE_SEND_TIME 634594387447784
[634594387473554 , 634594414948605]
MESSAGE_SEND_TIME 634594387473554
[634594387492856 , 634594414980292]
MESSAGE_SEND_TIME 634594387492856
[634594387509917 , 634594415011424]
MESSAGE_SEND_TIME 634594387509917
[634594387527793 , 634594415045206]
MESSAGE_SEND_TIME 634594387527793
[634594387593469 , 634594415118046]
MESSAGE_SEND_TIME 634594387593469
[634594387614538 , 634594415190442]
MESSAGE_SEND_TIME 634594387614538
[634594387635443 , 634594415225098]
MESSAGE_SEND_TIME 634594387635443
[634594387656459 , 634594415257246]
MESSAGE_SEND_TIME 634594387656459
[634594387672312 , 634594415294275]
MESSAGE_SEND_TIME 634594387672312
[634594387688243 , 634594415336785]
MESSAGE_SEND_TIME 634594387688243
[634594387704208 , 634594415385337]
MESSAGE_SEND_TIME 634594387704208
[634594387727911 , 634594415435843]
MESSAGE_SEND_TIME 634594387727911
[634594387742561 , 634594415491429]
MESSAGE_SEND_TIME 634594387742561
[634594387758871 , 634594415634142]
MESSAGE_SEND_TIME 634594387758871
[634594387782859 , 634594415717779]
MESSAGE_SEND_TIME 634594387782859
[634594387811905 , 634594415769019]
MESSAGE_SEND_TIME 634594387811905
[634594387829172 , 634594415834542]
MESSAGE_SEND_TIME 634594387829172
[634594387843254 , 634594415912511]
MESSAGE_SEND_TIME 634594387843254
[634594387857720 , 634594415998317]
MESSAGE_SEND_TIME 634594387857720
[634594387882609 , 634594416039032]
MESSAGE_SEND_TIME 634594387882609
[634594387898323 , 634594416078643]
MESSAGE_SEND_TIME 634594387898323
[634594387912223 , 634594416115631]
MESSAGE_SEND_TIME 634594387912223
[634594387930418 , 634594416149566]
MESSAGE_SEND_TIME 634594387930418
[634594387946674 , 634594416181644]
MESSAGE_SEND_TIME 634594387946674
[634594387962515 , 634594416215585]
MESSAGE_SEND_TIME 634594387962515
[634594387979299 , 634594416246851]
MESSAGE_SEND_TIME 634594387979299
[634594387994764 , 634594416282497]
MESSAGE_SEND_TIME 634594387994764
[634594388008838 , 634594416314072]
MESSAGE_SEND_TIME 634594388008838
[634594388022799 , 634594416345091]
MESSAGE_SEND_TIME 634594388022799
[634594388045255 , 634594416391186]
MESSAGE_SEND_TIME 634594388045255
[634594388068126 , 634594416457578]
MESSAGE_SEND_TIME 634594388068126
[634594388168486 , 634594416497690]
MESSAGE_SEND_TIME 634594388168486
[634594388201147 , 634594416530288]
MESSAGE_SEND_TIME 634594388201147
[634594388221172 , 634594416563386]
MESSAGE_SEND_TIME 634594388221172
[634594388236735 , 634594416599991]
MESSAGE_SEND_TIME 634594388236735
[634594388250937 , 634594416633870]
MESSAGE_SEND_TIME 634594388250937
[634594388263350 , 634594416666941]
MESSAGE_SEND_TIME 634594388263350
[634594388275669 , 634594416707675]
MESSAGE_SEND_TIME 634594388275669
[634594388297142 , 634594416738553]
MESSAGE_SEND_TIME 634594388297142
[634594388309715 , 634594416770917]
MESSAGE_SEND_TIME 634594388309715
[634594388323975 , 634594416813254]
MESSAGE_SEND_TIME 634594388323975
[634594388336623 , 634594416844754]
MESSAGE_SEND_TIME 634594388336623
[634594388348502 , 634594416876511]
MESSAGE_SEND_TIME 634594388348502
[634594388360399 , 634594416926702]
MESSAGE_SEND_TIME 634594388360399
[634594388378013 , 634594416961075]
MESSAGE_SEND_TIME 634594388378013
[634594388397880 , 634594416992005]
MESSAGE_SEND_TIME 634594388397880
[634594388416492 , 634594417024659]
MESSAGE_SEND_TIME 634594388416492
[634594388428539 , 634594417055903]
MESSAGE_SEND_TIME 634594388428539
[634594388440728 , 634594417089273]
MESSAGE_SEND_TIME 634594388440728
[634594388452000 , 634594417120474]
MESSAGE_SEND_TIME 634594388452000
[634594388463202 , 634594417152804]
MESSAGE_SEND_TIME 634594388463202
[634594388476954 , 634594417208995]
MESSAGE_SEND_TIME 634594388476954
[634594388490448 , 634594417257721]
MESSAGE_SEND_TIME 634594388490448
[634594388504301 , 634594417290213]
MESSAGE_SEND_TIME 634594388504301
[634594388517252 , 634594417321153]
MESSAGE_SEND_TIME 634594388517252
[634594388530553 , 634594417353892]
MESSAGE_SEND_TIME 634594388530553
[634594388543665 , 634594417387164]
MESSAGE_SEND_TIME 634594388543665
[634594388557513 , 634594417421077]
MESSAGE_SEND_TIME 634594388557513
[634594388570964 , 634594417451907]
MESSAGE_SEND_TIME 634594388570964
[634594388582484 , 634594417482847]
MESSAGE_SEND_TIME 634594388582484
[634594388598233 , 634594417524314]
MESSAGE_SEND_TIME 634594388598233
[634594388610696 , 634594417571200]
MESSAGE_SEND_TIME 634594388610696
[634594388622970 , 634594417603138]
MESSAGE_SEND_TIME 634594388622970
[634594388634262 , 634594417633926]
MESSAGE_SEND_TIME 634594388634262
[634594388645262 , 634594417664517]
MESSAGE_SEND_TIME 634594388645262
[634594388656324 , 634594417695221]
MESSAGE_SEND_TIME 634594388656324
[634594388666999 , 634594417739402]
MESSAGE_SEND_TIME 634594388666999
[634594388679886 , 634594417770575]
MESSAGE_SEND_TIME 634594388679886
[634594388691403 , 634594417801295]
MESSAGE_SEND_TIME 634594388691403
[634594388702510 , 634594417832066]
MESSAGE_SEND_TIME 634594388702510
[634594388717177 , 634594417865780]
MESSAGE_SEND_TIME 634594388717177
[634594388728615 , 634594418173982]
MESSAGE_SEND_TIME 634594388728615
[634594388739544 , 634594418214972]
MESSAGE_SEND_TIME 634594388739544
[634594388750380 , 634594418246865]
MESSAGE_SEND_TIME 634594388750380
[634594388761018 , 634594418281442]
MESSAGE_SEND_TIME 634594388761018
[634594388787007 , 634594418313425]
MESSAGE_SEND_TIME 634594388787007
[634594388799754 , 634594418344485]
MESSAGE_SEND_TIME 634594388799754
[634594388811021 , 634594418375122]
MESSAGE_SEND_TIME 634594388811021
[634594388823102 , 634594418407226]
MESSAGE_SEND_TIME 634594388823102
[634594388834939 , 634594418477057]
MESSAGE_SEND_TIME 634594388834939
[634594388848781 , 634594418511594]
MESSAGE_SEND_TIME 634594388848781
[634594388862322 , 634594418554965]
MESSAGE_SEND_TIME 634594388862322
[634594388875562 , 634594418590791]
MESSAGE_SEND_TIME 634594388875562
[634594388890557 , 634594418624232]
MESSAGE_SEND_TIME 634594388890557
[634594388904425 , 634594418654797]
MESSAGE_SEND_TIME 634594388904425
[634594388915727 , 634594418684232]
MESSAGE_SEND_TIME 634594388915727
[634594388927410 , 634594418713579]
MESSAGE_SEND_TIME 634594388927410
[634594388940288 , 634594418742948]
MESSAGE_SEND_TIME 634594388940288
[634594388951739 , 634594418783853]
MESSAGE_SEND_TIME 634594388951739
[634594388964469 , 634594418815647]
MESSAGE_SEND_TIME 634594388964469
[634594388980734 , 634594418845356]
MESSAGE_SEND_TIME 634594388980734
[634594388994753 , 634594418874623]
MESSAGE_SEND_TIME 634594388994753
[634594389008477 , 634594418906466]
MESSAGE_SEND_TIME 634594389008477
[634594389023023 , 634594418935981]
MESSAGE_SEND_TIME 634594389023023
[634594389035308 , 634594418965501]
MESSAGE_SEND_TIME 634594389035308
[634594389047485 , 634594418995008]
MESSAGE_SEND_TIME 634594389047485
[634594389058875 , 634594419026212]
MESSAGE_SEND_TIME 634594389058875
[634594389072728 , 634594419055843]
MESSAGE_SEND_TIME 634594389072728
[634594389087370 , 634594419096177]
MESSAGE_SEND_TIME 634594389087370
[634594389099760 , 634594419142589]
MESSAGE_SEND_TIME 634594389099760
[634594389113110 , 634594419175198]
MESSAGE_SEND_TIME 634594389113110
[634594389126438 , 634594419209768]
MESSAGE_SEND_TIME 634594389126438
[634594389138726 , 634594419241637]
MESSAGE_SEND_TIME 634594389138726
[634594389151619 , 634594419271129]
MESSAGE_SEND_TIME 634594389151619
[634594389165460 , 634594419300656]
MESSAGE_SEND_TIME 634594389165460
[634594389182099 , 634594419334092]
MESSAGE_SEND_TIME 634594389182099
[634594389196283 , 634594419364767]
MESSAGE_SEND_TIME 634594389196283
[634594389210417 , 634594419395214]
MESSAGE_SEND_TIME 634594389210417
[634594389223647 , 634594419425164]
MESSAGE_SEND_TIME 634594389223647
[634594389237475 , 634594419454880]
MESSAGE_SEND_TIME 634594389237475
[634594389251180 , 634594419508036]
MESSAGE_SEND_TIME 634594389251180
[634594389266245 , 634594419537726]
MESSAGE_SEND_TIME 634594389266245
[634594389281335 , 634594419567720]
MESSAGE_SEND_TIME 634594389281335
[634594389297292 , 634594419597293]
MESSAGE_SEND_TIME 634594389297292
[634594389311441 , 634594419629488]
MESSAGE_SEND_TIME 634594389311441
[634594389326534 , 634594419679432]
MESSAGE_SEND_TIME 634594389326534
[634594389341349 , 634594419708999]
MESSAGE_SEND_TIME 634594389341349
[634594389357240 , 634594419738506]
MESSAGE_SEND_TIME 634594389357240
[634594389372236 , 634594419767996]
MESSAGE_SEND_TIME 634594389372236
[634594389385939 , 634594419802546]
MESSAGE_SEND_TIME 634594389385939
[634594389404113 , 634594419834351]
MESSAGE_SEND_TIME 634594389404113
[634594389418924 , 634594419864320]
MESSAGE_SEND_TIME 634594389418924
[634594389432651 , 634594419894130]
MESSAGE_SEND_TIME 634594389432651
[634594389447993 , 634594419925880]
MESSAGE_SEND_TIME 634594389447993
[634594389460733 , 634594419955882]
MESSAGE_SEND_TIME 634594389460733
[634594389474464 , 634594419985605]
MESSAGE_SEND_TIME 634594389474464
[634594389487182 , 634594420015056]
MESSAGE_SEND_TIME 634594389487182
[634594389530996 , 634594420044748]
MESSAGE_SEND_TIME 634594389530996
[634594389552873 , 634594420077002]
MESSAGE_SEND_TIME 634594389552873
[634594389574475 , 634594420106636]
MESSAGE_SEND_TIME 634594389574475
[634594389598994 , 634594420136280]
MESSAGE_SEND_TIME 634594389598994
[634594389614020 , 634594420165888]
MESSAGE_SEND_TIME 634594389614020
[634594389626252 , 634594420198058]
MESSAGE_SEND_TIME 634594389626252
[634594389638711 , 634594420227860]
MESSAGE_SEND_TIME 634594389638711
[634594389669448 , 634594420257333]
MESSAGE_SEND_TIME 634594389669448
[634594389705244 , 634594420286772]
MESSAGE_SEND_TIME 634594389705244
[634594389740983 , 634594420316439]
MESSAGE_SEND_TIME 634594389740983
[634594389755993 , 634594420347887]
MESSAGE_SEND_TIME 634594389755993
[634594389770078 , 634594420377316]
MESSAGE_SEND_TIME 634594389770078
[634594389782288 , 634594420406872]
MESSAGE_SEND_TIME 634594389782288
[634594389819951 , 634594420436227]
MESSAGE_SEND_TIME 634594389819951
[634594389852283 , 634594420504726]
MESSAGE_SEND_TIME 634594389852283
[634594389970732 , 634594420540136]
MESSAGE_SEND_TIME 634594389970732
[634594389989777 , 634594420570076]
MESSAGE_SEND_TIME 634594389989777
[634594390004406 , 634594420599274]
MESSAGE_SEND_TIME 634594390004406
[634594390017678 , 634594420631589]
MESSAGE_SEND_TIME 634594390017678
[634594390029935 , 634594420661419]
MESSAGE_SEND_TIME 634594390029935
[634594390042309 , 634594420701389]
MESSAGE_SEND_TIME 634594390042309
[634594390055398 , 634594420734104]
MESSAGE_SEND_TIME 634594390055398
[634594390070392 , 634594420763936]
MESSAGE_SEND_TIME 634594390070392
[634594390089136 , 634594420796760]
MESSAGE_SEND_TIME 634594390089136
[634594390110936 , 634594420826418]
MESSAGE_SEND_TIME 634594390110936
[634594390124416 , 634594420855730]
MESSAGE_SEND_TIME 634594390124416
[634594390152849 , 634594420885320]
MESSAGE_SEND_TIME 634594390152849
[634594390167212 , 634594420917393]
MESSAGE_SEND_TIME 634594390167212
[634594390180847 , 634594420947241]
MESSAGE_SEND_TIME 634594390180847
[634594390194866 , 634594420977251]
MESSAGE_SEND_TIME 634594390194866
[634594390209944 , 634594421028330]
MESSAGE_SEND_TIME 634594390209944
[634594390223684 , 634594421063916]
MESSAGE_SEND_TIME 634594390223684
[634594390237099 , 634594421098286]
MESSAGE_SEND_TIME 634594390237099
[634594390249653 , 634594421128258]
MESSAGE_SEND_TIME 634594390249653
[634594390262822 , 634594421157829]
MESSAGE_SEND_TIME 634594390262822
[634594390275962 , 634594421187347]
MESSAGE_SEND_TIME 634594390275962
[634594390289197 , 634594421218975]
MESSAGE_SEND_TIME 634594390289197
[634594390330740 , 634594421249266]
MESSAGE_SEND_TIME 634594390330740
[634594390349287 , 634594421278887]
MESSAGE_SEND_TIME 634594390349287
[634594390367759 , 634594421308311]
MESSAGE_SEND_TIME 634594390367759
[634594390380016 , 634594421337710]
MESSAGE_SEND_TIME 634594390380016
[634594390394129 , 634594421369482]
MESSAGE_SEND_TIME 634594390394129
[634594390408629 , 634594421398886]
MESSAGE_SEND_TIME 634594390408629
[634594390423213 , 634594421428212]
MESSAGE_SEND_TIME 634594390423213
[634594390437104 , 634594421457579]
MESSAGE_SEND_TIME 634594390437104
[634594390451750 , 634594421489192]
MESSAGE_SEND_TIME 634594390451750
[634594390465593 , 634594421518923]
MESSAGE_SEND_TIME 634594390465593
[634594390480576 , 634594421548345]
MESSAGE_SEND_TIME 634594390480576
[634594390492012 , 634594421577558]
MESSAGE_SEND_TIME 634594390492012
[634594390503087 , 634594421606773]
MESSAGE_SEND_TIME 634594390503087
[634594390514354 , 634594421638513]
MESSAGE_SEND_TIME 634594390514354
[634594390525976 , 634594421667973]
MESSAGE_SEND_TIME 634594390525976
[634594390537687 , 634594421697229]
MESSAGE_SEND_TIME 634594390537687
[634594390549960 , 634594421726613]
MESSAGE_SEND_TIME 634594390549960
[634594390567661 , 634594421758415]
MESSAGE_SEND_TIME 634594390567661
[634594390580691 , 634594421804532]
MESSAGE_SEND_TIME 634594390580691
[634594390592567 , 634594421835263]
MESSAGE_SEND_TIME 634594390592567
[634594390605022 , 634594421865440]
MESSAGE_SEND_TIME 634594390605022
[634594390618615 , 634594421894509]
MESSAGE_SEND_TIME 634594390618615
[634594390644526 , 634594421931252]
MESSAGE_SEND_TIME 634594390644526
[634594390659493 , 634594421962555]
MESSAGE_SEND_TIME 634594390659493
[634594390675818 , 634594421991532]
MESSAGE_SEND_TIME 634594390675818
[634594390693622 , 634594422020672]
MESSAGE_SEND_TIME 634594390693622
[634594390707273 , 634594422052261]
MESSAGE_SEND_TIME 634594390707273
[634594390720362 , 634594422081561]
MESSAGE_SEND_TIME 634594390720362
[634594390733930 , 634594422112353]
MESSAGE_SEND_TIME 634594390733930
[634594390746642 , 634594422141411]
MESSAGE_SEND_TIME 634594390746642
[634594390759164 , 634594422172327]
MESSAGE_SEND_TIME 634594390759164
[634594390772011 , 634594422201405]
MESSAGE_SEND_TIME 634594390772011
[634594390792616 , 634594422230524]
MESSAGE_SEND_TIME 634594390792616
[634594390806321 , 634594422259316]
MESSAGE_SEND_TIME 634594390806321
[634594390820331 , 634594422288145]
MESSAGE_SEND_TIME 634594390820331
[634594390835726 , 634594422319191]
MESSAGE_SEND_TIME 634594390835726
[634594390872880 , 634594422348218]
MESSAGE_SEND_TIME 634594390872880
[634594390890256 , 634594422377261]
MESSAGE_SEND_TIME 634594390890256
[634594390904900 , 634594422406060]
MESSAGE_SEND_TIME 634594390904900
[634594390919430 , 634594422437362]
MESSAGE_SEND_TIME 634594390919430
[634594390932956 , 634594422466611]
MESSAGE_SEND_TIME 634594390932956
[634594390949151 , 634594422495463]
MESSAGE_SEND_TIME 634594390949151
[634594390962061 , 634594422524510]
MESSAGE_SEND_TIME 634594390962061
[634594390975312 , 634594422553319]
MESSAGE_SEND_TIME 634594390975312
[634594390987666 , 634594422584854]
MESSAGE_SEND_TIME 634594390987666
[634594390999840 , 634594422613780]
MESSAGE_SEND_TIME 634594390999840
[634594391017932 , 634594422642606]
MESSAGE_SEND_TIME 634594391017932
[634594391037876 , 634594422671358]
MESSAGE_SEND_TIME 634594391037876
[634594391051152 , 634594422702285]
MESSAGE_SEND_TIME 634594391051152
[634594391064467 , 634594422731389]
MESSAGE_SEND_TIME 634594391064467
[634594391076831 , 634594422760104]
MESSAGE_SEND_TIME 634594391076831
[634594391088534 , 634594422797822]
MESSAGE_SEND_TIME 634594391088534
[634594391102583 , 634594422827365]
MESSAGE_SEND_TIME 634594391102583
[634594391118138 , 634594422858873]
MESSAGE_SEND_TIME 634594391118138
[634594391131705 , 634594422888354]
MESSAGE_SEND_TIME 634594391131705
[634594391145627 , 634594422917719]
MESSAGE_SEND_TIME 634594391145627
[634594391158495 , 634594422946865]
MESSAGE_SEND_TIME 634594391158495
[634594391172647 , 634594422978047]
MESSAGE_SEND_TIME 634594391172647
[634594391183180 , 634594423007761]
MESSAGE_SEND_TIME 634594391183180
[634594391196679 , 634594423038556]
MESSAGE_SEND_TIME 634594391196679
[634594391209845 , 634594423067890]
MESSAGE_SEND_TIME 634594391209845
[634594391220285 , 634594423097154]
MESSAGE_SEND_TIME 634594391220285
[634594391237339 , 634594423130131]
MESSAGE_SEND_TIME 634594391237339
[634594391248642 , 634594423161019]
MESSAGE_SEND_TIME 634594391248642
[634594391260731 , 634594423190010]
MESSAGE_SEND_TIME 634594391260731
[634594391272248 , 634594423219084]
MESSAGE_SEND_TIME 634594391272248
[634594391285184 , 634594423250121]
MESSAGE_SEND_TIME 634594391285184
[634594391300270 , 634594423279459]
MESSAGE_SEND_TIME 634594391300270
[634594391314156 , 634594423308592]
MESSAGE_SEND_TIME 634594391314156
[634594391328247 , 634594423337839]
MESSAGE_SEND_TIME 634594391328247
[634594391342388 , 634594423368594]
MESSAGE_SEND_TIME 634594391342388
[634594391355876 , 634594423397791]
MESSAGE_SEND_TIME 634594391355876
[634594391368045 , 634594423426829]
MESSAGE_SEND_TIME 634594391368045
[634594391379281 , 634594423455912]
MESSAGE_SEND_TIME 634594391379281
[634594391389714 , 634594423484978]
MESSAGE_SEND_TIME 634594391389714
[634594391400611 , 634594423518288]
MESSAGE_SEND_TIME 634594391400611
[634594391411280 , 634594423547492]
MESSAGE_SEND_TIME 634594391411280
[634594391432152 , 634594423576611]
MESSAGE_SEND_TIME 634594391432152
[634594391443925 , 634594423605797]
MESSAGE_SEND_TIME 634594391443925
[634594391459829 , 634594423636749]
MESSAGE_SEND_TIME 634594391459829
[634594391475364 , 634594423666090]
MESSAGE_SEND_TIME 634594391475364
[634594391490171 , 634594423695173]
MESSAGE_SEND_TIME 634594391490171
[634594391528637 , 634594423724073]
MESSAGE_SEND_TIME 634594391528637
[634594391543672 , 634594423753020]
MESSAGE_SEND_TIME 634594391543672
[634594391556439 , 634594423784403]
MESSAGE_SEND_TIME 634594391556439
[634594391567940 , 634594423813602]
MESSAGE_SEND_TIME 634594391567940
[634594391579128 , 634594423842514]
MESSAGE_SEND_TIME 634594391579128
[634594391590368 , 634594423871500]
MESSAGE_SEND_TIME 634594391590368
[634594391601595 , 634594423902528]
MESSAGE_SEND_TIME 634594391601595
[634594391613113 , 634594423931952]
MESSAGE_SEND_TIME 634594391613113
[634594391623971 , 634594423961029]
MESSAGE_SEND_TIME 634594391623971
[634594391637628 , 634594423990060]
MESSAGE_SEND_TIME 634594391637628
[634594391654045 , 634594424019381]
MESSAGE_SEND_TIME 634594391654045
[634594391665517 , 634594424050829]
MESSAGE_SEND_TIME 634594391665517
[634594391678826 , 634594424079976]
MESSAGE_SEND_TIME 634594391678826
[634594391701948 , 634594424108598]
MESSAGE_SEND_TIME 634594391701948
[634594391716283 , 634594424137536]
MESSAGE_SEND_TIME 634594391716283
[634594391729876 , 634594424168462]
MESSAGE_SEND_TIME 634594391729876
[634594391753127 , 634594424197495]
MESSAGE_SEND_TIME 634594391753127
[634594391765497 , 634594424226263]
MESSAGE_SEND_TIME 634594391765497
[634594394913383 , 634594424256604]
MESSAGE_SEND_TIME 634594394913383
[634594394959017 , 634594424285597]
MESSAGE_SEND_TIME 634594394959017
[634594394976404 , 634594424316904]
MESSAGE_SEND_TIME 634594394976404
[634594394992057 , 634594424346027]
MESSAGE_SEND_TIME 634594394992057
[634594395007014 , 634594424376338]
MESSAGE_SEND_TIME 634594395007014
[634594395032089 , 634594424404988]
MESSAGE_SEND_TIME 634594395032089
[634594395059269 , 634594424439967]
MESSAGE_SEND_TIME 634594395059269
[634594395078780 , 634594424469244]
MESSAGE_SEND_TIME 634594395078780
[634594395090823 , 634594424497746]
MESSAGE_SEND_TIME 634594395090823
[634594395102495 , 634594424526354]
MESSAGE_SEND_TIME 634594395102495
[634594395114262 , 634594424562953]
MESSAGE_SEND_TIME 634594395114262
[634594395125181 , 634594424597122]
MESSAGE_SEND_TIME 634594395125181
[634594395135920 , 634594424676308]
MESSAGE_SEND_TIME 634594395135920
[634594395146641 , 634594424723880]
MESSAGE_SEND_TIME 634594395146641
[634594395157602 , 634594424765536]
MESSAGE_SEND_TIME 634594395157602
[634594395173434 , 634594424813490]
MESSAGE_SEND_TIME 634594395173434
[634594395186534 , 634594424844040]
MESSAGE_SEND_TIME 634594395186534
[634594395197252 , 634594424888813]
MESSAGE_SEND_TIME 634594395197252
[634594395208103 , 634594424932763]
MESSAGE_SEND_TIME 634594395208103
[634594395218316 , 634594424977417]
MESSAGE_SEND_TIME 634594395218316
[634594395314984 , 634594425014151]
MESSAGE_SEND_TIME 634594395314984
[634594395336761 , 634594425058927]
MESSAGE_SEND_TIME 634594395336761
[634594395356114 , 634594425102905]
MESSAGE_SEND_TIME 634594395356114
[634594395369247 , 634594425139032]
MESSAGE_SEND_TIME 634594395369247
[634594395383340 , 634594425193903]
MESSAGE_SEND_TIME 634594395383340
[634594395396250 , 634594425230244]
MESSAGE_SEND_TIME 634594395396250
[634594395412926 , 634594425280681]
MESSAGE_SEND_TIME 634594395412926
[634594395425657 , 634594425315800]
MESSAGE_SEND_TIME 634594395425657
[634594395436491 , 634594425352652]
MESSAGE_SEND_TIME 634594395436491
[634594395448110 , 634594425411891]
MESSAGE_SEND_TIME 634594395448110
[634594395460286 , 634594425471289]
MESSAGE_SEND_TIME 634594395460286
[634594395472498 , 634594425530797]
MESSAGE_SEND_TIME 634594395472498
[634594395483114 , 634594425572777]
MESSAGE_SEND_TIME 634594395483114
[634594395496260 , 634594425623355]
MESSAGE_SEND_TIME 634594395496260
[634594395511042 , 634594425662481]
MESSAGE_SEND_TIME 634594395511042
[634594395525568 , 634594425716987]
MESSAGE_SEND_TIME 634594395525568
[634594395539791 , 634594425749368]
MESSAGE_SEND_TIME 634594395539791
[634594395558929 , 634594425787732]
MESSAGE_SEND_TIME 634594395558929
[634594395571673 , 634594425842220]
MESSAGE_SEND_TIME 634594395571673
[634594395585328 , 634594425882935]
MESSAGE_SEND_TIME 634594395585328
[634594395595990 , 634594425913728]
MESSAGE_SEND_TIME 634594395595990
[634594395609626 , 634594425944131]
MESSAGE_SEND_TIME 634594395609626
[634594395624320 , 634594425996075]
MESSAGE_SEND_TIME 634594395624320
[634594395650235 , 634594426053733]
MESSAGE_SEND_TIME 634594395650235
[634594395664603 , 634594426114948]
MESSAGE_SEND_TIME 634594395664603
[634594395676821 , 634594426174347]
MESSAGE_SEND_TIME 634594395676821
[634594395688825 , 634594426215040]
MESSAGE_SEND_TIME 634594395688825
[634594395699959 , 634594426266396]
MESSAGE_SEND_TIME 634594395699959
[634594395712951 , 634594426715544]
MESSAGE_SEND_TIME 634594395712951
[634594395725108 , 634594426787870]
MESSAGE_SEND_TIME 634594395725108
[634594395737268 , 634594426826399]
MESSAGE_SEND_TIME 634594395737268
[634594395750365 , 634594426875107]
MESSAGE_SEND_TIME 634594395750365
[634594395766134 , 634594426911918]
MESSAGE_SEND_TIME 634594395766134
[634594395781708 , 634594426962369]
MESSAGE_SEND_TIME 634594395781708
[634594395793308 , 634594426994366]
MESSAGE_SEND_TIME 634594395793308
[634594395804531 , 634594427044663]
MESSAGE_SEND_TIME 634594395804531
[634594395816149 , 634594427093577]
MESSAGE_SEND_TIME 634594395816149
[634594395827583 , 634594427129857]
MESSAGE_SEND_TIME 634594395827583
[634594395838243 , 634594427168428]
MESSAGE_SEND_TIME 634594395838243
[634594395849869 , 634594427212079]
MESSAGE_SEND_TIME 634594395849869
[634594395860394 , 634594427264131]
MESSAGE_SEND_TIME 634594395860394
[634594395871388 , 634594427297128]
MESSAGE_SEND_TIME 634594395871388
[634594395884247 , 634594427339900]
MESSAGE_SEND_TIME 634594395884247
[634594395897435 , 634594427376740]
MESSAGE_SEND_TIME 634594395897435
[634594395921034 , 634594427438089]
MESSAGE_SEND_TIME 634594395921034
[634594395934864 , 634594427467701]
MESSAGE_SEND_TIME 634594395934864
[634594395945937 , 634594427511198]
MESSAGE_SEND_TIME 634594395945937
[634594395961093 , 634594427547733]
MESSAGE_SEND_TIME 634594395961093
[634594395973945 , 634594427604387]
MESSAGE_SEND_TIME 634594395973945
[634594395984378 , 634594427661514]
MESSAGE_SEND_TIME 634594395984378
[634594395995336 , 634594427709198]
MESSAGE_SEND_TIME 634594395995336
[634594396004757 , 634594427741383]
MESSAGE_SEND_TIME 634594396004757
[634594396014128 , 634594427789222]
MESSAGE_SEND_TIME 634594396014128
[634594396023317 , 634594427879930]
MESSAGE_SEND_TIME 634594396023317
[634594396032797 , 634594427912456]
MESSAGE_SEND_TIME 634594396032797
[634594396042674 , 634594427943306]
MESSAGE_SEND_TIME 634594396042674
[634594396054935 , 634594427974006]
MESSAGE_SEND_TIME 634594396054935
[634594396064805 , 634594428081148]
MESSAGE_SEND_TIME 634594396064805
[634594396074995 , 634594428170394]
MESSAGE_SEND_TIME 634594396074995
[634594396085643 , 634594428234441]
MESSAGE_SEND_TIME 634594396085643
[634594396098503 , 634594428287073]
MESSAGE_SEND_TIME 634594396098503
[634594396108754 , 634594428339634]
MESSAGE_SEND_TIME 634594396108754
[634594396126624 , 634594428384155]
MESSAGE_SEND_TIME 634594396126624
[634594396138952 , 634594428413605]
MESSAGE_SEND_TIME 634594396138952
[634594396150555 , 634594428443108]
MESSAGE_SEND_TIME 634594396150555
[634594396158940 , 634594428476629]
MESSAGE_SEND_TIME 634594396158940
[634594396167999 , 634594428558769]
MESSAGE_SEND_TIME 634594396167999
[634594396177065 , 634594428599544]
MESSAGE_SEND_TIME 634594396177065
[634594396185871 , 634594428629288]
MESSAGE_SEND_TIME 634594396185871
[634594396195636 , 634594428658386]
MESSAGE_SEND_TIME 634594396195636
[634594396207390 , 634594428690930]
MESSAGE_SEND_TIME 634594396207390
[634594396219380 , 634594428720673]
MESSAGE_SEND_TIME 634594396219380
[634594396232334 , 634594428749798]
MESSAGE_SEND_TIME 634594396232334
[634594396244296 , 634594428778804]
MESSAGE_SEND_TIME 634594396244296
[634594396255075 , 634594428812783]
MESSAGE_SEND_TIME 634594396255075
[634594396265821 , 634594428861478]
MESSAGE_SEND_TIME 634594396265821
[634594396276651 , 634594428891178]
MESSAGE_SEND_TIME 634594396276651
[634594396292491 , 634594428927567]
MESSAGE_SEND_TIME 634594396292491
[634594396304521 , 634594428982278]
MESSAGE_SEND_TIME 634594396304521
[634594396315815 , 634594429036291]
MESSAGE_SEND_TIME 634594396315815
[634594396327661 , 634594429070508]
MESSAGE_SEND_TIME 634594396327661
[634594396341285 , 634594429099825]
MESSAGE_SEND_TIME 634594396341285
[634594396352256 , 634594429128812]
MESSAGE_SEND_TIME 634594396352256
[634594396367070 , 634594429191923]
MESSAGE_SEND_TIME 634594396367070
[634594396391506 , 634594429255248]
MESSAGE_SEND_TIME 634594396391506
[634594396408826 , 634594429312592]
MESSAGE_SEND_TIME 634594396408826
[634594396420906 , 634594429368114]
MESSAGE_SEND_TIME 634594396420906
[634594396432012 , 634594429424236]
MESSAGE_SEND_TIME 634594396432012
[634594396443967 , 634594429484876]
MESSAGE_SEND_TIME 634594396443967
[634594396455105 , 634594429541247]
MESSAGE_SEND_TIME 634594396455105
[634594396465453 , 634594429623868]
MESSAGE_SEND_TIME 634594396465453
[634594396476266 , 634594429704131]
MESSAGE_SEND_TIME 634594396476266
[634594396491332 , 634594429768262]
MESSAGE_SEND_TIME 634594396491332
[634594396503906 , 634594429827566]
MESSAGE_SEND_TIME 634594396503906
[634594396517561 , 634594429883487]
MESSAGE_SEND_TIME 634594396517561
[634594396527766 , 634594429940860]
MESSAGE_SEND_TIME 634594396527766
[634594396538187 , 634594429998432]
MESSAGE_SEND_TIME 634594396538187
[634594396548681 , 634594430060630]
MESSAGE_SEND_TIME 634594396548681
[634594396686442 , 634594430115845]
MESSAGE_SEND_TIME 634594396686442
[634594396741797 , 634594430176184]
MESSAGE_SEND_TIME 634594396741797
[634594396765159 , 634594430231421]
MESSAGE_SEND_TIME 634594396765159
[634594396778223 , 634594430292493]
MESSAGE_SEND_TIME 634594396778223
[634594396788975 , 634594430351399]
MESSAGE_SEND_TIME 634594396788975
[634594396802189 , 634594430409632]
MESSAGE_SEND_TIME 634594396802189
[634594396814708 , 634594430465761]
MESSAGE_SEND_TIME 634594396814708
[634594396825883 , 634594430521650]
MESSAGE_SEND_TIME 634594396825883
[634594396850459 , 634594430598415]
MESSAGE_SEND_TIME 634594396850459
[634594396884359 , 634594430643366]
MESSAGE_SEND_TIME 634594396884359
[634594396905744 , 634594430691633]
MESSAGE_SEND_TIME 634594396905744
[634594396918766 , 634594430722241]
MESSAGE_SEND_TIME 634594396918766
[634594396929184 , 634594430778998]
MESSAGE_SEND_TIME 634594396929184
[634594396940039 , 634594430810215]
MESSAGE_SEND_TIME 634594396940039
[634594396950578 , 634594430859973]
MESSAGE_SEND_TIME 634594396950578
[634594396963620 , 634594430901076]
MESSAGE_SEND_TIME 634594396963620
[634594396997916 , 634594430943925]
MESSAGE_SEND_TIME 634594396997916
[634594397010840 , 634594430987027]
MESSAGE_SEND_TIME 634594397010840
[634594397022729 , 634594431023718]
MESSAGE_SEND_TIME 634594397022729
[634594397044098 , 634594431075143]
MESSAGE_SEND_TIME 634594397044098
[634594397055742 , 634594431105902]
MESSAGE_SEND_TIME 634594397055742
[634594397066575 , 634594431153121]
MESSAGE_SEND_TIME 634594397066575
[634594397075997 , 634594431190729]
MESSAGE_SEND_TIME 634594397075997
[634594397088126 , 634594431232976]
MESSAGE_SEND_TIME 634594397088126
[634594397098970 , 634594431265607]
MESSAGE_SEND_TIME 634594397098970
[634594397115321 , 634594431310945]
MESSAGE_SEND_TIME 634594397115321
[634594397125357 , 634594431359584]
MESSAGE_SEND_TIME 634594397125357
[634594397137211 , 634594431391036]
MESSAGE_SEND_TIME 634594397137211
[634594397146242 , 634594431438790]
MESSAGE_SEND_TIME 634594397146242
[634594397157659 , 634594431473531]
MESSAGE_SEND_TIME 634594397157659
[634594397167561 , 634594431523201]
MESSAGE_SEND_TIME 634594397167561
[634594397182863 , 634594431553545]
MESSAGE_SEND_TIME 634594397182863
[634594397219942 , 634594431582870]
MESSAGE_SEND_TIME 634594397219942
[634594397231646 , 634594431613724]
MESSAGE_SEND_TIME 634594397231646
[634594397241150 , 634594431646198]
MESSAGE_SEND_TIME 634594397241150
[634594397251133 , 634594431676468]
MESSAGE_SEND_TIME 634594397251133
[634594397262572 , 634594431708549]
MESSAGE_SEND_TIME 634594397262572
[634594397282460 , 634594431761448]
MESSAGE_SEND_TIME 634594397282460
[634594397293603 , 634594431836166]
MESSAGE_SEND_TIME 634594397293603
[634594397302614 , 634594431870092]
MESSAGE_SEND_TIME 634594397302614
[634594397317624 , 634594431914174]
MESSAGE_SEND_TIME 634594397317624
[634594397330334 , 634594431945687]
MESSAGE_SEND_TIME 634594397330334
[634594397340080 , 634594431997611]
MESSAGE_SEND_TIME 634594397340080
[634594397349753 , 634594432031096]
MESSAGE_SEND_TIME 634594397349753
[634594397358904 , 634594432076335]
MESSAGE_SEND_TIME 634594397358904
[634594397368816 , 634594432106250]
MESSAGE_SEND_TIME 634594397368816
[634594397381644 , 634594432155524]
MESSAGE_SEND_TIME 634594397381644
[634594397391927 , 634594432185092]
MESSAGE_SEND_TIME 634594397391927
[634594397401164 , 634594432232299]
MESSAGE_SEND_TIME 634594397401164
[634594397410595 , 634594432275614]
MESSAGE_SEND_TIME 634594397410595
[634594397420185 , 634594432314459]
MESSAGE_SEND_TIME 634594397420185
[634594397433938 , 634594432349492]
MESSAGE_SEND_TIME 634594397433938
[634594397443980 , 634594432390776]
MESSAGE_SEND_TIME 634594397443980
[634594397453099 , 634594432436771]
MESSAGE_SEND_TIME 634594397453099
[634594397462322 , 634594432470530]
MESSAGE_SEND_TIME 634594397462322
[634594397477236 , 634594432509600]
MESSAGE_SEND_TIME 634594397477236
[634594397487323 , 634594432543449]
MESSAGE_SEND_TIME 634594397487323
[634594397496895 , 634594432596666]
MESSAGE_SEND_TIME 634594397496895
[634594397506504 , 634594432626051]
MESSAGE_SEND_TIME 634594397506504
[634594397515652 , 634594432669400]
MESSAGE_SEND_TIME 634594397515652
[634594397524776 , 634594432705232]
MESSAGE_SEND_TIME 634594397524776
[634594397534489 , 634594432750748]
MESSAGE_SEND_TIME 634594397534489
[634594397543859 , 634594432784951]
MESSAGE_SEND_TIME 634594397543859
[634594397553572 , 634594432825192]
MESSAGE_SEND_TIME 634594397553572
[634594397562996 , 634594432873059]
MESSAGE_SEND_TIME 634594397562996
[634594397572178 , 634594432903910]
MESSAGE_SEND_TIME 634594397572178
[634594397581024 , 634594432949441]
MESSAGE_SEND_TIME 634594397581024
[634594397593256 , 634594432980829]
MESSAGE_SEND_TIME 634594397593256
[634594397602325 , 634594433036311]
MESSAGE_SEND_TIME 634594397602325
[634594397611736 , 634594433069479]
MESSAGE_SEND_TIME 634594397611736
[634594397626043 , 634594433113264]
MESSAGE_SEND_TIME 634594397626043
[634594397636932 , 634594433161938]
MESSAGE_SEND_TIME 634594397636932
[634594397645705 , 634594433192682]
MESSAGE_SEND_TIME 634594397645705
[634594397654724 , 634594433236170]
MESSAGE_SEND_TIME 634594397654724
[634594397663418 , 634594433273500]
MESSAGE_SEND_TIME 634594397663418
[634594397687472 , 634594433319071]
MESSAGE_SEND_TIME 634594397687472
[634594397698003 , 634594433350265]
MESSAGE_SEND_TIME 634594397698003
[634594397707627 , 634594433392251]
MESSAGE_SEND_TIME 634594397707627
[634594397717298 , 634594433438736]
MESSAGE_SEND_TIME 634594397717298
[634594397726871 , 634594433484482]
MESSAGE_SEND_TIME 634594397726871
[634594397735861 , 634594433534677]
MESSAGE_SEND_TIME 634594397735861
[634594397744962 , 634594433585337]
MESSAGE_SEND_TIME 634594397744962
[634594397755347 , 634594433637055]
MESSAGE_SEND_TIME 634594397755347
[634594397767173 , 634594433691714]
MESSAGE_SEND_TIME 634594397767173
[634594397781741 , 634594433743301]
MESSAGE_SEND_TIME 634594397781741
[634594397792922 , 634594433794156]
MESSAGE_SEND_TIME 634594397792922
[634594397802726 , 634594433845014]
MESSAGE_SEND_TIME 634594397802726
[634594397812123 , 634594433909505]
MESSAGE_SEND_TIME 634594397812123
[634594397824496 , 634594433968422]
MESSAGE_SEND_TIME 634594397824496
[634594397835340 , 634594434022449]
MESSAGE_SEND_TIME 634594397835340
[634594397855026 , 634594434075970]
MESSAGE_SEND_TIME 634594397855026
[634594397865085 , 634594434131157]
MESSAGE_SEND_TIME 634594397865085
[634594397874605 , 634594434193754]
MESSAGE_SEND_TIME 634594397874605
[634594397884165 , 634594434249912]
MESSAGE_SEND_TIME 634594397884165
[634594397894693 , 634594434305017]
MESSAGE_SEND_TIME 634594397894693
[634594397903452 , 634594434360143]
MESSAGE_SEND_TIME 634594397903452
[634594397912364 , 634594434415977]
MESSAGE_SEND_TIME 634594397912364
[634594397934421 , 634594434519377]
MESSAGE_SEND_TIME 634594397934421
[634594397945218 , 634594434574443]
MESSAGE_SEND_TIME 634594397945218
[634594397958368 , 634594434628980]
MESSAGE_SEND_TIME 634594397958368
[634594397969159 , 634594434697359]
MESSAGE_SEND_TIME 634594397969159
[634594397978745 , 634594434816731]
MESSAGE_SEND_TIME 634594397978745
[634594397991032 , 634594434886075]
MESSAGE_SEND_TIME 634594397991032
[634594398000426 , 634594434951993]
MESSAGE_SEND_TIME 634594398000426
[634594398009224 , 634594435032129]
MESSAGE_SEND_TIME 634594398009224
[634594398017905 , 634594435107646]
MESSAGE_SEND_TIME 634594398017905
[634594398029519 , 634594435176856]
MESSAGE_SEND_TIME 634594398029519
[634594398038963 , 634594435240638]
MESSAGE_SEND_TIME 634594398038963
[634594398047991 , 634594435296039]
MESSAGE_SEND_TIME 634594398047991
[634594398057620 , 634594435350193]
MESSAGE_SEND_TIME 634594398057620
[634594398066626 , 634594435450222]
MESSAGE_SEND_TIME 634594398066626
[634594398075245 , 634594435488488]
MESSAGE_SEND_TIME 634594398075245
[634594398084030 , 634594435520523]
MESSAGE_SEND_TIME 634594398084030
[634594398093653 , 634594435556107]
MESSAGE_SEND_TIME 634594398093653
[634594398107663 , 634594435592029]
MESSAGE_SEND_TIME 634594398107663
[634594398117856 , 634594435623961]
MESSAGE_SEND_TIME 634594398117856
[634594398127615 , 634594435655994]
MESSAGE_SEND_TIME 634594398127615
[634594398137037 , 634594435687345]
MESSAGE_SEND_TIME 634594398137037
[634594398146028 , 634594435718342]
MESSAGE_SEND_TIME 634594398146028
[634594398156244 , 634594435811013]
MESSAGE_SEND_TIME 634594398156244
[634594398164736 , 634594435883003]
MESSAGE_SEND_TIME 634594398164736
[634594398173193 , 634594435913364]
MESSAGE_SEND_TIME 634594398173193
[634594398189192 , 634594435967866]
MESSAGE_SEND_TIME 634594398189192
[634594398197914 , 634594436024179]
MESSAGE_SEND_TIME 634594398197914
[634594398206320 , 634594436077203]
MESSAGE_SEND_TIME 634594398206320
[634594398225173 , 634594436128972]
MESSAGE_SEND_TIME 634594398225173
[634594398247051 , 634594436196270]
MESSAGE_SEND_TIME 634594398247051
[634594398260344 , 634594436272803]
MESSAGE_SEND_TIME 634594398260344
[634594398269404 , 634594436373544]
MESSAGE_SEND_TIME 634594398269404
[634594398285025 , 634594436429488]
MESSAGE_SEND_TIME 634594398285025
[634594398296871 , 634594436482305]
MESSAGE_SEND_TIME 634594398296871
[634594398306263 , 634594436534348]
MESSAGE_SEND_TIME 634594398306263
[634594398315228 , 634594436590078]
MESSAGE_SEND_TIME 634594398315228
[634594398326526 , 634594436667754]
MESSAGE_SEND_TIME 634594398326526
[634594398335034 , 634594436717604]
MESSAGE_SEND_TIME 634594398335034
[634594398343328 , 634594436769932]
MESSAGE_SEND_TIME 634594398343328
[634594398361141 , 634594436821250]
MESSAGE_SEND_TIME 634594398361141
[634594398369886 , 634594436880183]
MESSAGE_SEND_TIME 634594398369886
[634594398381063 , 634594436937646]
MESSAGE_SEND_TIME 634594398381063
[634594398389143 , 634594436990383]
MESSAGE_SEND_TIME 634594398389143
[634594398398170 , 634594437043865]
MESSAGE_SEND_TIME 634594398398170
[634594398406124 , 634594437099641]
MESSAGE_SEND_TIME 634594398406124
[634594398414809 , 634594437154106]
MESSAGE_SEND_TIME 634594398414809
[634594398426005 , 634594437254979]
MESSAGE_SEND_TIME 634594398426005
[634594398511336 , 634594437318799]
MESSAGE_SEND_TIME 634594398511336
[634594398524873 , 634594437429833]
MESSAGE_SEND_TIME 634594398524873
[634594398537832 , 634594437485236]
MESSAGE_SEND_TIME 634594398537832
[634594398546883 , 634594437514981]
MESSAGE_SEND_TIME 634594398546883
[634594398555384 , 634594437544186]
MESSAGE_SEND_TIME 634594398555384
[634594398563776 , 634594437573388]
MESSAGE_SEND_TIME 634594398563776
[634594398572708 , 634594437613588]
MESSAGE_SEND_TIME 634594398572708
[634594398584015 , 634594437643310]
MESSAGE_SEND_TIME 634594398584015
[634594398592711 , 634594437685834]
MESSAGE_SEND_TIME 634594398592711
[634594398601784 , 634594437717738]
MESSAGE_SEND_TIME 634594398601784
[634594398613242 , 634594437749726]
MESSAGE_SEND_TIME 634594398613242
[634594398622123 , 634594437779124]
MESSAGE_SEND_TIME 634594398622123
[634594398630783 , 634594437836005]
MESSAGE_SEND_TIME 634594398630783
[634594398639429 , 634594437890569]
MESSAGE_SEND_TIME 634594398639429
[634594398647991 , 634594437938047]
MESSAGE_SEND_TIME 634594398647991
[634594398658443 , 634594438001088]
MESSAGE_SEND_TIME 634594398658443
[634594398910910 , 634594438059858]
MESSAGE_SEND_TIME 634594398910910
[634594398926203 , 634594438118133]
MESSAGE_SEND_TIME 634594398926203
[634594398940996 , 634594438173952]
MESSAGE_SEND_TIME 634594398940996
[634594398951341 , 634594438233119]
MESSAGE_SEND_TIME 634594398951341
[634594398960210 , 634594438266859]
MESSAGE_SEND_TIME 634594398960210
[634594398968471 , 634594438378227]
MESSAGE_SEND_TIME 634594398968471
[634594398976452 , 634594438436699]
MESSAGE_SEND_TIME 634594398976452
[634594398984761 , 634594438492336]
MESSAGE_SEND_TIME 634594398984761
[634594398993234 , 634594438566724]
MESSAGE_SEND_TIME 634594398993234
[634594399002045 , 634594438641894]
MESSAGE_SEND_TIME 634594399002045
[634594399010310 , 634594438699438]
MESSAGE_SEND_TIME 634594399010310
[634594399020083 , 634594438927682]
MESSAGE_SEND_TIME 634594399020083
[634594399028271 , 634594439052305]
MESSAGE_SEND_TIME 634594399028271
[634594399036911 , 634594439128598]
MESSAGE_SEND_TIME 634594399036911
[634594399044493 , 634594439176837]
MESSAGE_SEND_TIME 634594399044493
[634594399059658 , 634594439213533]
MESSAGE_SEND_TIME 634594399059658
[634594399067869 , 634594439273496]
MESSAGE_SEND_TIME 634594399067869
[634594399080001 , 634594439409766]
MESSAGE_SEND_TIME 634594399080001
[634594399090070 , 634594439455704]
MESSAGE_SEND_TIME 634594399090070
[634594399106918 , 634594439486348]
MESSAGE_SEND_TIME 634594399106918
[634594399120941 , 634594439515665]
MESSAGE_SEND_TIME 634594399120941
[634594399129003 , 634594439549562]
MESSAGE_SEND_TIME 634594399129003
[634594399137167 , 634594439578629]
MESSAGE_SEND_TIME 634594399137167
[634594399145060 , 634594439607618]
MESSAGE_SEND_TIME 634594399145060
[634594399152927 , 634594439636314]
MESSAGE_SEND_TIME 634594399152927
[634594399160643 , 634594439678328]
MESSAGE_SEND_TIME 634594399160643
[634594399168169 , 634594439722302]
MESSAGE_SEND_TIME 634594399168169
[634594399175878 , 634594439780754]
MESSAGE_SEND_TIME 634594399175878
[634594399184839 , 634594439828407]
MESSAGE_SEND_TIME 634594399184839
[634594399195285 , 634594439879165]
MESSAGE_SEND_TIME 634594399195285
[634594399207480 , 634594439933889]
MESSAGE_SEND_TIME 634594399207480
[634594399215372 , 634594439985567]
MESSAGE_SEND_TIME 634594399215372
[634594399223370 , 634594440037320]
MESSAGE_SEND_TIME 634594399223370
[634594399342916 , 634594440088307]
MESSAGE_SEND_TIME 634594399342916
[634594399387126 , 634594440141977]
MESSAGE_SEND_TIME 634594399387126
[634594399400618 , 634594440193428]
MESSAGE_SEND_TIME 634594399400618
[634594399420250 , 634594440244374]
MESSAGE_SEND_TIME 634594399420250
[634594399434007 , 634594440295055]
MESSAGE_SEND_TIME 634594399434007
[634594399446505 , 634594440345833]
MESSAGE_SEND_TIME 634594399446505
[634594399465990 , 634594440401250]
MESSAGE_SEND_TIME 634594399465990
[634594399476605 , 634594440438896]
MESSAGE_SEND_TIME 634594399476605
[634594399488299 , 634594440535217]
MESSAGE_SEND_TIME 634594399488299
[634594399497602 , 634594440609648]
MESSAGE_SEND_TIME 634594399497602
[634594399506140 , 634594440672965]
MESSAGE_SEND_TIME 634594399506140
[634594399514261 , 634594440731113]
MESSAGE_SEND_TIME 634594399514261
[634594399540821 , 634594440787312]
MESSAGE_SEND_TIME 634594399540821
[634594399550145 , 634594440843539]
MESSAGE_SEND_TIME 634594399550145
[634594399559959 , 634594440899542]
MESSAGE_SEND_TIME 634594399559959
[634594399568904 , 634594440960481]
MESSAGE_SEND_TIME 634594399568904
[634594399577022 , 634594441016128]
MESSAGE_SEND_TIME 634594399577022
[634594399584162 , 634594441071988]
MESSAGE_SEND_TIME 634594399584162
[634594399592067 , 634594441127336]
MESSAGE_SEND_TIME 634594399592067
[634594399600249 , 634594441187495]
MESSAGE_SEND_TIME 634594399600249
[634594399609651 , 634594441243232]
MESSAGE_SEND_TIME 634594399609651
[634594399618973 , 634594441298563]
MESSAGE_SEND_TIME 634594399618973
[634594399628212 , 634594441353430]
MESSAGE_SEND_TIME 634594399628212
[634594399636472 , 634594441412497]
MESSAGE_SEND_TIME 634594399636472
[634594399646458 , 634594441468502]
MESSAGE_SEND_TIME 634594399646458
[634594399655655 , 634594441551125]
MESSAGE_SEND_TIME 634594399655655
[634594399664237 , 634594441627007]
MESSAGE_SEND_TIME 634594399664237
[634594399678117 , 634594441693341]
MESSAGE_SEND_TIME 634594399678117
[634594399686465 , 634594441778640]
MESSAGE_SEND_TIME 634594399686465
[634594399695402 , 634594441836191]
MESSAGE_SEND_TIME 634594399695402
[634594399705383 , 634594441888225]
MESSAGE_SEND_TIME 634594399705383
[634594399714394 , 634594441939180]
MESSAGE_SEND_TIME 634594399714394
[634594399722834 , 634594441995329]
MESSAGE_SEND_TIME 634594399722834
[634594399729465 , 634594442047559]
MESSAGE_SEND_TIME 634594399729465
[634594399740757 , 634594442098249]
MESSAGE_SEND_TIME 634594399740757
[634594399749085 , 634594442150358]
MESSAGE_SEND_TIME 634594399749085
[634594399757973 , 634594442229948]
MESSAGE_SEND_TIME 634594399757973
[634594399766235 , 634594442325790]
MESSAGE_SEND_TIME 634594399766235
[634594399774262 , 634594442393648]
MESSAGE_SEND_TIME 634594399774262
[634594399785029 , 634594442479434]
MESSAGE_SEND_TIME 634594399785029
[634594399793115 , 634594442523922]
MESSAGE_SEND_TIME 634594399793115
[634594399802265 , 634594442558452]
MESSAGE_SEND_TIME 634594399802265
[634594399816156 , 634594442588242]
MESSAGE_SEND_TIME 634594399816156
[634594399823716 , 634594442616993]
MESSAGE_SEND_TIME 634594399823716
[634594399833408 , 634594442645849]
MESSAGE_SEND_TIME 634594399833408
[634594399841580 , 634594442674776]
MESSAGE_SEND_TIME 634594399841580
[634594399849141 , 634594442705551]
MESSAGE_SEND_TIME 634594399849141
[634594399857170 , 634594442734440]
MESSAGE_SEND_TIME 634594399857170
[634594399866105 , 634594442762934]
MESSAGE_SEND_TIME 634594399866105
[634594399875147 , 634594442792559]
MESSAGE_SEND_TIME 634594399875147
[634594399884026 , 634594442833863]
MESSAGE_SEND_TIME 634594399884026
[634594399893204 , 634594442864114]
MESSAGE_SEND_TIME 634594399893204
[634594399901823 , 634594442893434]
MESSAGE_SEND_TIME 634594399901823
[634594399913443 , 634594442922669]
MESSAGE_SEND_TIME 634594399913443
